  digitcomp.cpp
E:\ComputerScience\C++ Codes\lgnew\digitcomp.cpp(42,15): error C2660: “split”: 函数不接受 0 个参数
E:\ComputerScience\C++ Codes\lgnew\digitcomp.cpp(32,6): message : 参见“split”的声明
E:\ComputerScience\C++ Codes\lgnew\digitcomp.cpp(43,35): error C2664: “size_t strlen(const char *)”: 无法将参数 1 从“int [30]”转换为“const char *”
E:\ComputerScience\C++ Codes\lgnew\digitcomp.cpp(43,32): message : 与指向的类型无关；强制转换要求 reinterpret_cast、C 样式强制转换或函数样式强制转换
C:\Program Files (x86)\Windows Kits\10\Include\10.0.18362.0\ucrt\string.h(219,16): message : 参见“strlen”的声明
E:\ComputerScience\C++ Codes\lgnew\digitcomp.cpp(43,9): error C2672: “quicksort”: 未找到匹配的重载函数
E:\ComputerScience\C++ Codes\lgnew\digitcomp.cpp(43,42): error C2780: “void quicksort(T *,int,int,bool (__cdecl *)(T,T))”: 应输入 4 个参数，却提供了 3 个
E:\ComputerScience\C++ Codes\lgnew\digitcomp.cpp(12): message : 参见“quicksort”的声明
E:\ComputerScience\C++ Codes\lgnew\digitcomp.cpp(37,1): warning C4996: 'scanf': This function or variable may be unsafe. Consider using scanf_s instead. To disable deprecation, use _CRT_SECURE_NO_WARNINGS. See online help for details.
C:\Program Files (x86)\Windows Kits\10\Include\10.0.18362.0\ucrt\stdio.h(1274): message : 参见“scanf”的声明
E:\ComputerScience\C++ Codes\lgnew\digitcomp.cpp(41,1): warning C4996: 'scanf': This function or variable may be unsafe. Consider using scanf_s instead. To disable deprecation, use _CRT_SECURE_NO_WARNINGS. See online help for details.
C:\Program Files (x86)\Windows Kits\10\Include\10.0.18362.0\ucrt\stdio.h(1274): message : 参见“scanf”的声明
  p1001_ab.cpp
  p1002_chnchess.cpp
E:\ComputerScience\C++ Codes\lgnew\digitcomp.cpp(56,14): error C2059: 语法错误:“)”
E:\ComputerScience\C++ Codes\lgnew\p1002_chnchess.cpp(70,1): warning C4996: 'scanf': This function or variable may be unsafe. Consider using scanf_s instead. To disable deprecation, use _CRT_SECURE_NO_WARNINGS. See online help for details.
  p1012_bignum.cpp
C:\Program Files (x86)\Windows Kits\10\Include\10.0.18362.0\ucrt\stdio.h(1274): message : 参见“scanf”的声明
E:\ComputerScience\C++ Codes\lgnew\p1012_bignum.cpp(1,2): error C2014: 预处理器命令必须作为第一个非空白空间启动
C:\Program Files (x86)\Microsoft Visual Studio\2019\Community\VC\Tools\MSVC\14.23.28105\include\sal.h(2361,1): error C2144: 语法错误:“int”的前面应有“;”
C:\Program Files (x86)\Microsoft Visual Studio\2019\Community\VC\Tools\MSVC\14.23.28105\include\sal.h(2361,8): error C4430: 缺少类型说明符 - 假定为 int。注意: C++ 不支持默认 int
E:\ComputerScience\C++ Codes\lgnew\p1012_bignum.cpp(48,1): warning C4996: 'scanf': This function or variable may be unsafe. Consider using scanf_s instead. To disable deprecation, use _CRT_SECURE_NO_WARNINGS. See online help for details.
  p1017_minusbase.cpp
C:\Program Files (x86)\Windows Kits\10\Include\10.0.18362.0\ucrt\stdio.h(1274): message : 参见“scanf”的声明
E:\ComputerScience\C++ Codes\lgnew\p1017_minusbase.cpp(37,1): warning C4996: 'scanf': This function or variable may be unsafe. Consider using scanf_s instead. To disable deprecation, use _CRT_SECURE_NO_WARNINGS. See online help for details.
  p1071_lurker.cpp
C:\Program Files (x86)\Windows Kits\10\Include\10.0.18362.0\ucrt\stdio.h(1274): message : 参见“scanf”的声明
E:\ComputerScience\C++ Codes\lgnew\p1071_lurker.cpp(27,5): error C3861: “gets”: 找不到标识符
E:\ComputerScience\C++ Codes\lgnew\p1071_lurker.cpp(28,5): error C3861: “gets”: 找不到标识符
E:\ComputerScience\C++ Codes\lgnew\p1071_lurker.cpp(34,19): warning C4018: “<”: 有符号/无符号不匹配
E:\ComputerScience\C++ Codes\lgnew\p1071_lurker.cpp(49,5): error C3861: “gets”: 找不到标识符
  p1086_peanuts.cpp
E:\ComputerScience\C++ Codes\lgnew\p1071_lurker.cpp(54,19): warning C4018: “<”: 有符号/无符号不匹配
E:\ComputerScience\C++ Codes\lgnew\p1086_peanuts.cpp(26,1): warning C4996: 'scanf': This function or variable may be unsafe. Consider using scanf_s instead. To disable deprecation, use _CRT_SECURE_NO_WARNINGS. See online help for details.
C:\Program Files (x86)\Windows Kits\10\Include\10.0.18362.0\ucrt\stdio.h(1274): message : 参见“scanf”的声明
E:\ComputerScience\C++ Codes\lgnew\p1086_peanuts.cpp(31,1): warning C4996: 'scanf': This function or variable may be unsafe. Consider using scanf_s instead. To disable deprecation, use _CRT_SECURE_NO_WARNINGS. See online help for details.
  p1217_palinprime.cpp
C:\Program Files (x86)\Windows Kits\10\Include\10.0.18362.0\ucrt\stdio.h(1274): message : 参见“scanf”的声明
E:\ComputerScience\C++ Codes\lgnew\p1217_palinprime.cpp(51,1): warning C4996: 'strncpy': This function or variable may be unsafe. Consider using strncpy_s instead. To disable deprecation, use _CRT_SECURE_NO_WARNINGS. See online help for details.
C:\Program Files (x86)\Windows Kits\10\Include\10.0.18362.0\ucrt\string.h(338): message : 参见“strncpy”的声明
E:\ComputerScience\C++ Codes\lgnew\p1217_palinprime.cpp(62,1): warning C4996: 'strncpy': This function or variable may be unsafe. Consider using strncpy_s instead. To disable deprecation, use _CRT_SECURE_NO_WARNINGS. See online help for details.
C:\Program Files (x86)\Windows Kits\10\Include\10.0.18362.0\ucrt\string.h(338): message : 参见“strncpy”的声明
E:\ComputerScience\C++ Codes\lgnew\p1217_palinprime.cpp(71,1): warning C4996: 'scanf': This function or variable may be unsafe. Consider using scanf_s instead. To disable deprecation, use _CRT_SECURE_NO_WARNINGS. See online help for details.
  try.cpp
  正在生成代码...
C:\Program Files (x86)\Windows Kits\10\Include\10.0.18362.0\ucrt\stdio.h(1274): message : 参见“scanf”的声明
E:\ComputerScience\C++ Codes\lgnew\p1002_chnchess.cpp(35): error C4716: “clear”: 必须返回一个值
